<?xml version="1.0" encoding="UTF-8"?>
<!-- Generated by org.testng.reporters.JUnitReportReporter -->
<testsuite hostname="VikramSolanki" failures="0" tests="1" name="basic.testcase.VerifyResponseGetABoardTest" time="3.306" errors="0" timestamp="2025-03-12T17:58:50 IST" skipped="0">
  <testcase classname="basic.testcase.VerifyResponseGetABoardTest" name="verifyResponseBody" time="3.306"/>
  <system-out/>
</testsuite> <!-- basic.testcase.VerifyResponseGetABoardTest -->
