<?xml version="1.0" encoding="UTF-8"?>
<!-- Generated by org.testng.reporters.JUnitReportReporter -->
<testsuite hostname="VikramSolanki" failures="0" tests="1" name="basic.testcase.VerifyResponseGetABoardTest" time="2.991" errors="0" timestamp="2025-03-11T19:14:52 IST" skipped="0">
  <testcase classname="basic.testcase.VerifyResponseGetABoardTest" name="verifyResponseBody" time="2.991"/>
  <system-out/>
</testsuite> <!-- basic.testcase.VerifyResponseGetABoardTest -->
