<?xml version="1.0" encoding="UTF-8"?>
<!-- Generated by org.testng.reporters.JUnitReportReporter -->
<testsuite hostname="VikramSolanki" failures="0" tests="1" name="basic.testcase.SampleLogGenerator" time="0.379" errors="0" timestamp="2025-03-10T17:48:02 IST" skipped="0">
  <testcase classname="basic.testcase.SampleLogGenerator" name="Test1" time="0.379"/>
  <system-out/>
</testsuite> <!-- basic.testcase.SampleLogGenerator -->
